contracts/BabController.sol

contracts/token/RewardsDistributor.sol

contracts/gardens/Garden.sol
contracts/gardens/GardenFactory.sol

contracts/strategies/Strategy.sol
contracts/strategies/StrategyFactory.sol

contracts/oracle_adapter/UniswapTWAPV3.sol

contracts/strategies/operations/AddLiquidityOperation.sol
contracts/strategies/operations/BorrowOperation.sol
contracts/strategies/operations/BuyOperation.sol
contracts/strategies/operations/DepositVaultOperation.sol
contracts/strategies/operations/LendOperation.sol

contracts/integrations/borrow/AaveBorrowIntegration.sol
contracts/integrations/borrow/CompoundBorrowIntegration.sol
contracts/integrations/lend/AaveLendIntegration.sol
contracts/integrations/lend/CompoundLendIntegration.sol
contracts/integrations/passive/HarvestVaultIntegration.sol
contracts/integrations/passive/YearnVaultIntegration.sol
contracts/integrations/trade/1InchTradeIntegration.sol
contracts/integrations/trade/KyberTradeIntegration.sol

